<?xml version="1.0" encoding="UTF-8"?>
<!-- Generated by org.testng.reporters.JUnitReportReporter -->
<testsuite hostname="DESKTOP-BT9B872" failures="0" tests="1" name="com.orangehrm.hybridframe_2021.testCases.DashboardTC" time="30.020" errors="0" timestamp="2021-12-05T14:30:49 IST" skipped="0">
  <testcase classname="com.orangehrm.hybridframe_2021.testCases.DashboardTC" name="loginToOrangeHrm" time="30.020"/>
  <system-out/>
</testsuite> <!-- com.orangehrm.hybridframe_2021.testCases.DashboardTC -->
